c:\users\龍成\documents\fourth\ms\ms_project\ms_project\release\ms_project.pch
c:\users\龍成\documents\fourth\ms\ms_project\ms_project\release\vc120.pdb
c:\users\龍成\documents\fourth\ms\ms_project\ms_project\release\stdafx.obj
c:\users\龍成\documents\fourth\ms\ms_project\ms_project\release\camera_2d.obj
c:\users\龍成\documents\fourth\ms\ms_project\ms_project\release\camera_game_player.obj
c:\users\龍成\documents\fourth\ms\ms_project\ms_project\release\debug_print.obj
c:\users\龍成\documents\fourth\ms\ms_project\ms_project\release\assert.obj
c:\users\龍成\documents\fourth\ms\ms_project\ms_project\release\input.obj
c:\users\龍成\documents\fourth\ms\ms_project\ms_project\release\input_event_buffer.obj
c:\users\龍成\documents\fourth\ms\ms_project\ms_project\release\index_buffer.obj
c:\users\龍成\documents\fourth\ms\ms_project\ms_project\release\mesh_factory_smo.obj
c:\users\龍成\documents\fourth\ms\ms_project\ms_project\release\scene_manager.obj
c:\users\龍成\documents\fourth\ms\ms_project\ms_project\release\effect_handle_holder.obj
c:\users\龍成\documents\fourth\ms\ms_project\ms_project\release\fade_shader.obj
c:\users\龍成\documents\fourth\ms\ms_project\ms_project\release\lambert.obj
c:\users\龍成\documents\fourth\ms\ms_project\ms_project\release\screen_shader.obj
c:\users\龍成\documents\fourth\ms\ms_project\ms_project\release\speaker_3d.obj
c:\users\龍成\documents\fourth\ms\ms_project\ms_project\release\application.obj
c:\users\龍成\documents\fourth\ms\ms_project\ms_project\release\screen_unit.obj
c:\users\龍成\documents\fourth\ms\ms_project\ms_project\release\unit.obj
c:\users\龍成\documents\fourth\ms\ms_project\ms_project\release\window_operation_wrapper.obj
c:\users\龍成\documents\fourth\ms\ms_project\ms_project\release\space_grid.obj
c:\users\龍成\documents\fourth\ms\ms_project\ms_project\release\often_use.obj
c:\users\龍成\documents\fourth\ms\ms_project\ms_project\release\debug_line.obj
c:\users\龍成\documents\fourth\ms\ms_project\ms_project\release\debug_line_box.obj
c:\users\龍成\documents\fourth\ms\ms_project\ms_project\release\command_buffer.obj
c:\users\龍成\documents\fourth\ms\ms_project\ms_project\release\input_keyboard.obj
c:\users\龍成\documents\fourth\ms\ms_project\ms_project\release\mesh_factory_amo.obj
c:\users\龍成\documents\fourth\ms\ms_project\ms_project\release\scene_title.obj
c:\users\龍成\documents\fourth\ms\ms_project\ms_project\release\back_ground_shader.obj
c:\users\龍成\documents\fourth\ms\ms_project\ms_project\release\pbl_animation_shader.obj
c:\users\龍成\documents\fourth\ms\ms_project\ms_project\release\speaker_bgm.obj
c:\users\龍成\documents\fourth\ms\ms_project\ms_project\release\animation_model_unit.obj
c:\users\龍成\documents\fourth\ms\ms_project\ms_project\release\test_unit.obj
c:\users\龍成\documents\fourth\ms\ms_project\ms_project\release\animation_system.obj
c:\users\龍成\documents\fourth\ms\ms_project\ms_project\release\command_buffer_holder.obj
c:\users\龍成\documents\fourth\ms\ms_project\ms_project\release\fade.obj
c:\users\龍成\documents\fourth\ms\ms_project\ms_project\release\input_manager.obj
c:\users\龍成\documents\fourth\ms\ms_project\ms_project\release\mesh_factory_sprite.obj
c:\users\龍成\documents\fourth\ms\ms_project\ms_project\release\vertex_buffer.obj
c:\users\龍成\documents\fourth\ms\ms_project\ms_project\release\scene_result.obj
c:\users\龍成\documents\fourth\ms\ms_project\ms_project\release\effect_handle_manager.obj
c:\users\龍成\documents\fourth\ms\ms_project\ms_project\release\shader_base.obj
c:\users\龍成\documents\fourth\ms\ms_project\ms_project\release\xact_manager.obj
c:\users\龍成\documents\fourth\ms\ms_project\ms_project\release\back_ground.obj
c:\users\龍成\documents\fourth\ms\ms_project\ms_project\release\static_model_unit.obj
c:\users\龍成\documents\fourth\ms\ms_project\ms_project\release\window.obj
c:\users\龍成\documents\fourth\ms\ms_project\ms_project\release\world.obj
c:\users\龍成\documents\fourth\ms\ms_project\ms_project\release\camera_game_main.obj
c:\users\龍成\documents\fourth\ms\ms_project\ms_project\release\camera_manager.obj
c:\users\龍成\documents\fourth\ms\ms_project\ms_project\release\develop_tool_manager.obj
c:\users\龍成\documents\fourth\ms\ms_project\ms_project\release\command_processor.obj
c:\users\龍成\documents\fourth\ms\ms_project\ms_project\release\directx9.obj
c:\users\龍成\documents\fourth\ms\ms_project\ms_project\release\mesh_factory_cube.obj
c:\users\龍成\documents\fourth\ms\ms_project\ms_project\release\mesh_buffer.obj
c:\users\龍成\documents\fourth\ms\ms_project\ms_project\release\scene_game.obj
c:\users\龍成\documents\fourth\ms\ms_project\ms_project\release\animation_shader.obj
c:\users\龍成\documents\fourth\ms\ms_project\ms_project\release\speaker.obj
c:\users\龍成\documents\fourth\ms\ms_project\ms_project\release\main.obj
c:\users\龍成\documents\fourth\ms\ms_project\ms_project\release\system_flow.obj
c:\users\龍成\documents\fourth\ms\ms_project\ms_project\release\player.obj
c:\users\龍成\documents\fourth\ms\ms_project\ms_project\release\window_procedure.obj
c:\users\龍成\documents\fourth\ms\ms_project\release\ms_project.exe
c:\users\龍成\documents\fourth\ms\ms_project\release\ms_project.pdb
c:\users\龍成\documents\fourth\ms\ms_project\ms_project\release\ms_project.tlog\cl.command.1.tlog
c:\users\龍成\documents\fourth\ms\ms_project\ms_project\release\ms_project.tlog\cl.read.1.tlog
c:\users\龍成\documents\fourth\ms\ms_project\ms_project\release\ms_project.tlog\cl.write.1.tlog
c:\users\龍成\documents\fourth\ms\ms_project\ms_project\release\ms_project.tlog\link.command.1.tlog
c:\users\龍成\documents\fourth\ms\ms_project\ms_project\release\ms_project.tlog\link.read.1.tlog
c:\users\龍成\documents\fourth\ms\ms_project\ms_project\release\ms_project.tlog\link.write.1.tlog
