2015/12/16 0:44:37 にビルドを開始しました。
     1>ノード 2 上のプロジェクト "C:\Users\龍成\Documents\fourth\MS\WashFront\ms_project\ms_project.vcxproj" (Build ターゲット)。
     1>ClCompile:
         C:\Program Files (x86)\Microsoft Visual Studio 12.0\VC\bin\CL.exe /c /I"C:\Users\龍成\Documents\fourth\MS\WashFront\ms_project\Source" /Zi /nologo /W4 /WX /sdl /O2 /Oi /Oy- /GL /D _RELEASE /D WIN32 /D NDEBUG /D _WINDOWS /D _UNICODE /D UNICODE /Gm- /EHsc /MT /GS /Gy /fp:precise /Zc:wchar_t /Zc:forScope /Yu"stdafx.h" /Fp"Release\ms_project.pch" /Fo"Release\\" /Fd"Release\vc120.pdb" /Gd /TP /FIstdafx.h /analyze- /errorReport:prompt Source\Camera\Camera\camera_game_player.cpp Source\Camera\Camera\camera_title.cpp Source\Camera\camera_manager.cpp Source\Command\command_fire.cpp Source\Command\command_move.cpp Source\Command\command_move_back.cpp Source\Command\command_move_down.cpp Source\Command\command_move_front.cpp Source\Command\command_move_left.cpp Source\Command\command_move_right.cpp Source\Command\command_move_up.cpp Source\Fade\fade.cpp Source\Resource\Mesh\Mesh\mesh_factory_smo.cpp Source\Resource\Mesh\Mesh\mesh_factory_smo_instance.cpp Source\Resource\Mesh\Mesh\mesh_factory_sprite_instance.cpp Source\Scene\Scene\scene_game.cpp Source\Scene\Scene\scene_result.cpp Source\Scene\Scene\scene_title.cpp Source\Scene\scene_manager.cpp Source\Shader\effect_handle_manager.cpp Source\Shader\Shader\static_toon_cloud_shader.cpp Source\Sound\sound.cpp Source\System\application.cpp Source\System\system_flow.cpp Source\Unit\dummy_ui.cpp Source\Unit\Game\aim.cpp Source\Unit\Game\aim_draw.cpp Source\Unit\Game\aim_line.cpp Source\Unit\Game\back_ground.cpp Source\Unit\Game\building.cpp Source\Unit\Game\bullet.cpp Source\Unit\Game\clouds.cpp Source\Unit\Game\dirt.cpp Source\Unit\Game\map.cpp Source\Unit\Game\map_back.cpp Source\Unit\Game\map_character.cpp Source\Unit\Game\meter.cpp Source\Unit\Game\meter_frame.cpp Source\Unit\Game\meter_water.cpp Source\Unit\Game\player.cpp Source\Unit\Game\score_back.cpp Source\Unit\Game\static_building.cpp Source\Unit\Game\water_back.cpp Source\Unit\Game\water_bullet.cpp Source\Unit\Game\water_spray_pool.cpp Source\Unit\Game\weapon.cpp Source\Unit\number.cpp Source\Unit\Result\bulletin_board.cpp Source\Unit\Result\judge.cpp Source\Unit\Result\message_box.cpp Source\Unit\Result\result_bg.cpp Source\Unit\Result\score.cpp Source\Unit\screen_unit.cpp Source\Unit\Title\logo.cpp Source\Unit\Title\logo_bg.cpp Source\Unit\Title\text.cpp Source\Unit\Title\title_player.cpp Source\Unit\Title\title_weapon.cpp Source\Unit\ui.cpp Source\Unit\unit.cpp Source\World\collision_grid.cpp Source\World\grid_2D.cpp Source\World\world.cpp
         camera_game_player.cpp
         camera_title.cpp
         camera_manager.cpp
         command_fire.cpp
         command_move.cpp
         command_move_back.cpp
         command_move_down.cpp
         command_move_front.cpp
         command_move_left.cpp
         command_move_right.cpp
         command_move_up.cpp
         fade.cpp
         mesh_factory_smo.cpp
         mesh_factory_smo_instance.cpp
         mesh_factory_sprite_instance.cpp
         scene_game.cpp
         scene_result.cpp
         scene_title.cpp
         scene_manager.cpp
         effect_handle_manager.cpp
         コンパイル中...
         static_toon_cloud_shader.cpp
         sound.cpp
         application.cpp
         system_flow.cpp
         dummy_ui.cpp
         aim.cpp
         aim_draw.cpp
         aim_line.cpp
         back_ground.cpp
         building.cpp
         bullet.cpp
         clouds.cpp
         dirt.cpp
         map.cpp
         map_back.cpp
         map_character.cpp
         meter.cpp
         meter_frame.cpp
         meter_water.cpp
         player.cpp
         コンパイル中...
         score_back.cpp
         static_building.cpp
         water_back.cpp
         water_bullet.cpp
         water_spray_pool.cpp
         weapon.cpp
         number.cpp
         bulletin_board.cpp
         judge.cpp
         message_box.cpp
         result_bg.cpp
         score.cpp
         screen_unit.cpp
         logo.cpp
         logo_bg.cpp
         text.cpp
         title_player.cpp
         title_weapon.cpp
         ui.cpp
         unit.cpp
         コンパイル中...
         collision_grid.cpp
         grid_2D.cpp
         world.cpp
       Link:
         C:\Program Files (x86)\Microsoft Visual Studio 12.0\VC\bin\link.exe /ERRORREPORT:PROMPT /OUT:"C:\Users\龍成\Documents\fourth\MS\WashFront\ms_project\\ms_project.exe" /INCREMENTAL:NO /NOLOGO kernel32.lib user32.lib gdi32.lib winspool.lib comdlg32.lib advapi32.lib shell32.lib ole32.lib oleaut32.lib uuid.lib odbc32.lib odbccp32.lib /MANIFEST /MANIFESTUAC:"level='asInvoker' uiAccess='false'" /manifest:embed /DEBUG /PDB:"C:\Users\龍成\Documents\fourth\MS\WashFront\ms_project\\ms_project.pdb" /SUBSYSTEM:WINDOWS /OPT:REF /OPT:ICF /LTCG /TLBID:1 /DYNAMICBASE /NXCOMPAT /IMPLIB:"C:\Users\龍成\Documents\fourth\MS\WashFront\ms_project\\ms_project.lib" /MACHINE:X86 /SAFESEH Release\dirt_math.obj
         Release\often_use.obj
         Release\perlin_noise.obj
         Release\animation_system.obj
         Release\camera_2d.obj
         Release\camera_game_main.obj
         Release\camera_game_player.obj
         Release\camera_title.obj
         Release\camera_manager.obj
         Release\collision_system.obj
         Release\command_fire.obj
         Release\command_handler.obj
         Release\command_move.obj
         Release\command_move_back.obj
         Release\command_move_down.obj
         Release\command_move_front.obj
         Release\command_move_left.obj
         Release\command_move_right.obj
         Release\command_move_up.obj
         Release\debug_box.obj
         Release\debug_line.obj
         Release\debug_line_box.obj
         Release\debug_sphere.obj
         Release\develop_tool_manager.obj
         Release\debug_print.obj
         Release\command_buffer.obj
         Release\command_buffer_holder.obj
         Release\command_processor.obj
         Release\assert.obj
         Release\fade.obj
         Release\input.obj
         Release\input_event_buffer.obj
         Release\input_manager.obj
         Release\input_keyboard.obj
         Release\input_x.obj
         Release\directx9.obj
         Release\animation_mesh_resource.obj
         Release\animation_resource.obj
         Release\cube_texture_resource.obj
         Release\index_buffer.obj
         Release\mesh_factory_2d_sprite.obj
         Release\mesh_factory_amo.obj
         Release\mesh_factory_circle.obj
         Release\mesh_factory_cube.obj
         Release\mesh_factory_mesh_field.obj
         Release\mesh_factory_smo.obj
         Release\mesh_factory_smo_instance.obj
         Release\mesh_factory_sprite.obj
         Release\mesh_factory_sprite_instance.obj
         Release\mesh_factory_water_cylinder.obj
         Release\mesh_factory_water_cylinder_back.obj
         Release\mesh_buffer.obj
         Release\vertex_buffer.obj
         Release\mesh_resource.obj
         Release\static_mesh_resource.obj
         Release\texture_resource.obj
         Release\scene_game.obj
         Release\scene_result.obj
         Release\scene_title.obj
         Release\scene_manager.obj
         Release\effect_handle_holder.obj
         Release\effect_handle_manager.obj
         Release\fade_shader.obj
         Release\aim_shader.obj
         Release\back_ground_shader.obj
         Release\dirt_shader.obj
         Release\lambert.obj
         Release\animation_shader.obj
         Release\PBL_animation_shader.obj
         Release\PBL_static_shader.obj
         Release\screen_2d_shader.obj
         Release\screen_shader.obj
         Release\static_toon_building_shader.obj
         Release\static_toon_cloud_shader.obj
         Release\toon_building_shader.obj
         Release\toon_player_shader.obj
         Release\toon_weapon_shader.obj
         Release\water_back_shader.obj
         Release\water_shader.obj
         Release\water_spray_shader.obj
         Release\shader_base.obj
         Release\sound.obj
         Release\stdafx.obj
         Release\main.obj
         Release\application.obj
         Release\system_flow.obj
         Release\dummy_ui.obj
         Release\aim.obj
         Release\aim_draw.obj
         Release\aim_line.obj
         Release\back_ground.obj
         Release\building.obj
         Release\bullet.obj
         Release\clouds.obj
         Release\dirt.obj
         Release\map.obj
         Release\map_back.obj
         Release\map_character.obj
         Release\meter.obj
         Release\meter_frame.obj
         Release\meter_water.obj
         Release\player.obj
         Release\score_back.obj
         Release\static_building.obj
         Release\water_back.obj
         Release\water_bullet.obj
         Release\water_spray.obj
         Release\water_spray_pool.obj
         Release\weapon.obj
         Release\number.obj
         Release\bulletin_board.obj
         Release\judge.obj
         Release\message_box.obj
         Release\result_bg.obj
         Release\score.obj
         Release\screen_unit.obj
         Release\logo.obj
         Release\logo_bg.obj
         Release\text.obj
         Release\title_player.obj
         Release\title_weapon.obj
         Release\ui.obj
         Release\unit.obj
         Release\window.obj
         Release\window_operation_wrapper.obj
         Release\window_procedure.obj
         Release\collision_grid.obj
         Release\grid_2D.obj
         Release\world.obj
         コード生成しています。
         コード生成が終了しました。
         ms_project.vcxproj -> C:\Users\龍成\Documents\fourth\MS\WashFront\ms_project\\ms_project.exe
     1>プロジェクト "C:\Users\龍成\Documents\fourth\MS\WashFront\ms_project\ms_project.vcxproj" (Build ターゲット) のビルドが完了しました。

ビルドに成功しました。

経過時間 00:00:13.97
