c:\users\龍成\documents\fourth\ms\ms_project\ms_project\develop\ms_project.pch
c:\users\龍成\documents\fourth\ms\ms_project\ms_project\develop\vc120.pdb
c:\users\龍成\documents\fourth\ms\ms_project\ms_project\develop\often_use.obj
c:\users\龍成\documents\fourth\ms\ms_project\ms_project\develop\animation_system.obj
c:\users\龍成\documents\fourth\ms\ms_project\ms_project\develop\camera_2d.obj
c:\users\龍成\documents\fourth\ms\ms_project\ms_project\develop\camera_game_main.obj
c:\users\龍成\documents\fourth\ms\ms_project\ms_project\develop\camera_game_player.obj
c:\users\龍成\documents\fourth\ms\ms_project\ms_project\develop\camera_manager.obj
c:\users\龍成\documents\fourth\ms\ms_project\ms_project\develop\debug_line.obj
c:\users\龍成\documents\fourth\ms\ms_project\ms_project\develop\debug_line_box.obj
c:\users\龍成\documents\fourth\ms\ms_project\ms_project\develop\develop_tool_manager.obj
c:\users\龍成\documents\fourth\ms\ms_project\ms_project\develop\debug_print.obj
c:\users\龍成\documents\fourth\ms\ms_project\ms_project\develop\command_buffer.obj
c:\users\龍成\documents\fourth\ms\ms_project\ms_project\develop\command_buffer_holder.obj
c:\users\龍成\documents\fourth\ms\ms_project\ms_project\develop\command_processor.obj
c:\users\龍成\documents\fourth\ms\ms_project\ms_project\develop\assert.obj
c:\users\龍成\documents\fourth\ms\ms_project\ms_project\develop\fade.obj
c:\users\龍成\documents\fourth\ms\ms_project\ms_project\develop\input.obj
c:\users\龍成\documents\fourth\ms\ms_project\ms_project\develop\input_event_buffer.obj
c:\users\龍成\documents\fourth\ms\ms_project\ms_project\develop\input_manager.obj
c:\users\龍成\documents\fourth\ms\ms_project\ms_project\develop\input_keyboard.obj
c:\users\龍成\documents\fourth\ms\ms_project\ms_project\develop\directx9.obj
c:\users\龍成\documents\fourth\ms\ms_project\ms_project\develop\index_buffer.obj
c:\users\龍成\documents\fourth\ms\ms_project\ms_project\develop\mesh_factory_amo.obj
c:\users\龍成\documents\fourth\ms\ms_project\ms_project\develop\mesh_factory_cube.obj
c:\users\龍成\documents\fourth\ms\ms_project\ms_project\develop\mesh_factory_smo.obj
c:\users\龍成\documents\fourth\ms\ms_project\ms_project\develop\mesh_factory_sprite.obj
c:\users\龍成\documents\fourth\ms\ms_project\ms_project\develop\mesh_buffer.obj
c:\users\龍成\documents\fourth\ms\ms_project\ms_project\develop\vertex_buffer.obj
c:\users\龍成\documents\fourth\ms\ms_project\ms_project\develop\scene_game.obj
c:\users\龍成\documents\fourth\ms\ms_project\ms_project\develop\scene_result.obj
c:\users\龍成\documents\fourth\ms\ms_project\ms_project\develop\scene_title.obj
c:\users\龍成\documents\fourth\ms\ms_project\ms_project\develop\scene_manager.obj
c:\users\龍成\documents\fourth\ms\ms_project\ms_project\develop\effect_handle_holder.obj
c:\users\龍成\documents\fourth\ms\ms_project\ms_project\develop\effect_handle_manager.obj
c:\users\龍成\documents\fourth\ms\ms_project\ms_project\develop\fade_shader.obj
c:\users\龍成\documents\fourth\ms\ms_project\ms_project\develop\back_ground_shader.obj
c:\users\龍成\documents\fourth\ms\ms_project\ms_project\develop\lambert.obj
c:\users\龍成\documents\fourth\ms\ms_project\ms_project\develop\animation_shader.obj
c:\users\龍成\documents\fourth\ms\ms_project\ms_project\develop\pbl_animation_shader.obj
c:\users\龍成\documents\fourth\ms\ms_project\ms_project\develop\screen_shader.obj
c:\users\龍成\documents\fourth\ms\ms_project\ms_project\develop\shader_base.obj
c:\users\龍成\documents\fourth\ms\ms_project\ms_project\develop\speaker.obj
c:\users\龍成\documents\fourth\ms\ms_project\ms_project\develop\speaker_3d.obj
c:\users\龍成\documents\fourth\ms\ms_project\ms_project\develop\speaker_bgm.obj
c:\users\龍成\documents\fourth\ms\ms_project\ms_project\develop\xact_manager.obj
c:\users\龍成\documents\fourth\ms\ms_project\ms_project\develop\stdafx.obj
c:\users\龍成\documents\fourth\ms\ms_project\ms_project\develop\main.obj
c:\users\龍成\documents\fourth\ms\ms_project\ms_project\develop\application.obj
c:\users\龍成\documents\fourth\ms\ms_project\ms_project\develop\system_flow.obj
c:\users\龍成\documents\fourth\ms\ms_project\ms_project\develop\animation_model_unit.obj
c:\users\龍成\documents\fourth\ms\ms_project\ms_project\develop\back_ground.obj
c:\users\龍成\documents\fourth\ms\ms_project\ms_project\develop\player.obj
c:\users\龍成\documents\fourth\ms\ms_project\ms_project\develop\screen_unit.obj
c:\users\龍成\documents\fourth\ms\ms_project\ms_project\develop\static_model_unit.obj
c:\users\龍成\documents\fourth\ms\ms_project\ms_project\develop\test_unit.obj
c:\users\龍成\documents\fourth\ms\ms_project\ms_project\develop\unit.obj
c:\users\龍成\documents\fourth\ms\ms_project\ms_project\develop\window.obj
c:\users\龍成\documents\fourth\ms\ms_project\ms_project\develop\window_operation_wrapper.obj
c:\users\龍成\documents\fourth\ms\ms_project\ms_project\develop\window_procedure.obj
c:\users\龍成\documents\fourth\ms\ms_project\ms_project\develop\space_grid.obj
c:\users\龍成\documents\fourth\ms\ms_project\ms_project\develop\world.obj
c:\users\龍成\documents\fourth\ms\ms_project\develop\ms_project.exe
c:\users\龍成\documents\fourth\ms\ms_project\ms_project\develop\ms_project.tlog\cl.command.1.tlog
c:\users\龍成\documents\fourth\ms\ms_project\ms_project\develop\ms_project.tlog\cl.read.1.tlog
c:\users\龍成\documents\fourth\ms\ms_project\ms_project\develop\ms_project.tlog\cl.write.1.tlog
c:\users\龍成\documents\fourth\ms\ms_project\ms_project\develop\ms_project.tlog\link.command.1.tlog
c:\users\龍成\documents\fourth\ms\ms_project\ms_project\develop\ms_project.tlog\link.read.1.tlog
c:\users\龍成\documents\fourth\ms\ms_project\ms_project\develop\ms_project.tlog\link.write.1.tlog
