2015/10/25 4:45:27 にビルドを開始しました。
     1>ノード 3 上のプロジェクト "C:\Users\龍成\Documents\fourth\MS\ms_project\shader_build\shader_build.vcxproj" (Rebuild ターゲット)。
     1>FxCompile:
         C:\Program Files (x86)\Windows Kits\8.1\bin\x86\fxc.exe /nologo /E"main" /T fx_2_0 /Fo "C:\Users\龍成\Documents\fourth\MS\ms_project\ms_project\Data\Shader\animation.cso" /Od /Zi animation.hlsl 
     1>FXC : warning X4717: Effects deprecated for D3DCompiler_47
         
         compilation object save succeeded; see C:\Users\龍成\Documents\fourth\MS\ms_project\ms_project\Data\Shader\animation.cso
         C:\Program Files (x86)\Windows Kits\8.1\bin\x86\fxc.exe /nologo /E"main" /T fx_2_0 /Fo "C:\Users\龍成\Documents\fourth\MS\ms_project\ms_project\Data\Shader\back_ground.cso" /Od /Zi back_ground.hlsl 
     1>FXC : warning X4717: Effects deprecated for D3DCompiler_47
         
         compilation object save succeeded; see C:\Users\龍成\Documents\fourth\MS\ms_project\ms_project\Data\Shader\back_ground.cso
         C:\Program Files (x86)\Windows Kits\8.1\bin\x86\fxc.exe /nologo /E"main" /T fx_2_0 /Fo "C:\Users\龍成\Documents\fourth\MS\ms_project\ms_project\Data\Shader\fade.cso" /Od /Zi fade.hlsl 
     1>FXC : warning X4717: Effects deprecated for D3DCompiler_47
         
         compilation object save succeeded; see C:\Users\龍成\Documents\fourth\MS\ms_project\ms_project\Data\Shader\fade.cso
         C:\Program Files (x86)\Windows Kits\8.1\bin\x86\fxc.exe /nologo /E"main" /T fx_2_0 /Fo "C:\Users\龍成\Documents\fourth\MS\ms_project\ms_project\Data\Shader\lambert_lighting.cso" /Od /Zi lambert_lighting.hlsl 
     1>FXC : warning X4717: Effects deprecated for D3DCompiler_47
         
         compilation object save succeeded; see C:\Users\龍成\Documents\fourth\MS\ms_project\ms_project\Data\Shader\lambert_lighting.cso
         C:\Program Files (x86)\Windows Kits\8.1\bin\x86\fxc.exe /nologo /E"main" /T fx_2_0 /Fo "C:\Users\龍成\Documents\fourth\MS\ms_project\ms_project\Data\Shader\PBL_animation.cso" /Od /Zi PBL_animation.hlsl 
     1>FXC : warning X4717: Effects deprecated for D3DCompiler_47
         
         compilation object save succeeded; see C:\Users\龍成\Documents\fourth\MS\ms_project\ms_project\Data\Shader\PBL_animation.cso
         C:\Program Files (x86)\Windows Kits\8.1\bin\x86\fxc.exe /nologo /E"main" /T fx_2_0 /Fo "C:\Users\龍成\Documents\fourth\MS\ms_project\ms_project\Data\Shader\screen_shader.cso" /Od /Zi screen_shader.hlsl 
     1>FXC : warning X4717: Effects deprecated for D3DCompiler_47
         
         compilation object save succeeded; see C:\Users\龍成\Documents\fourth\MS\ms_project\ms_project\Data\Shader\screen_shader.cso
     1>プロジェクト "C:\Users\龍成\Documents\fourth\MS\ms_project\shader_build\shader_build.vcxproj" (Rebuild ターゲット) のビルドが完了しました。

ビルドに成功しました。

経過時間 00:00:00.76
