2015/10/25 4:21:52 にビルドを開始しました。
     1>ノード 3 上のプロジェクト "C:\Users\龍成\Documents\fourth\MS\ms_project\shader_build\shader_build.vcxproj" (Build ターゲット)。
     1>FxCompile:
         C:\Program Files (x86)\Windows Kits\8.1\bin\x86\fxc.exe /nologo /E"main" /T fx_2_0 /Fo "C:\Users\龍成\Documents\fourth\MS\ms_project\Release\animation.cso" animation.hlsl 
     1>FXC : warning X4717: Effects deprecated for D3DCompiler_47
         
         compilation object save succeeded; see C:\Users\龍成\Documents\fourth\MS\ms_project\Release\animation.cso
         C:\Program Files (x86)\Windows Kits\8.1\bin\x86\fxc.exe /nologo /E"main" /T fx_2_0 /Fo "C:\Users\龍成\Documents\fourth\MS\ms_project\Release\back_ground.cso" back_ground.hlsl 
     1>FXC : warning X4717: Effects deprecated for D3DCompiler_47
         
         compilation object save succeeded; see C:\Users\龍成\Documents\fourth\MS\ms_project\Release\back_ground.cso
         C:\Program Files (x86)\Windows Kits\8.1\bin\x86\fxc.exe /nologo /E"main" /T fx_2_0 /Fo "C:\Users\龍成\Documents\fourth\MS\ms_project\Release\fade.cso" fade.hlsl 
     1>FXC : warning X4717: Effects deprecated for D3DCompiler_47
         
         compilation object save succeeded; see C:\Users\龍成\Documents\fourth\MS\ms_project\Release\fade.cso
         C:\Program Files (x86)\Windows Kits\8.1\bin\x86\fxc.exe /nologo /E"main" /T fx_2_0 /Fo "C:\Users\龍成\Documents\fourth\MS\ms_project\Release\lambert_lighting.cso" lambert_lighting.hlsl 
     1>FXC : warning X4717: Effects deprecated for D3DCompiler_47
         
         compilation object save succeeded; see C:\Users\龍成\Documents\fourth\MS\ms_project\Release\lambert_lighting.cso
         C:\Program Files (x86)\Windows Kits\8.1\bin\x86\fxc.exe /nologo /E"main" /T fx_2_0 /Fo "C:\Users\龍成\Documents\fourth\MS\ms_project\Release\PBL_animation.cso" PBL_animation.hlsl 
     1>FXC : warning X4717: Effects deprecated for D3DCompiler_47
         
         compilation object save succeeded; see C:\Users\龍成\Documents\fourth\MS\ms_project\Release\PBL_animation.cso
         C:\Program Files (x86)\Windows Kits\8.1\bin\x86\fxc.exe /nologo /E"main" /T fx_2_0 /Fo "C:\Users\龍成\Documents\fourth\MS\ms_project\Release\screen_shader.cso" screen_shader.hlsl 
     1>FXC : warning X4717: Effects deprecated for D3DCompiler_47
         
         compilation object save succeeded; see C:\Users\龍成\Documents\fourth\MS\ms_project\Release\screen_shader.cso
     1>プロジェクト "C:\Users\龍成\Documents\fourth\MS\ms_project\shader_build\shader_build.vcxproj" (Build ターゲット) のビルドが完了しました。

ビルドに成功しました。

経過時間 00:00:00.94
