d:\4年\未来創造展\ms_project\debug\ms_project_debug.pch
d:\4年\未来創造展\ms_project\debug\vc120.pdb
d:\4年\未来創造展\ms_project\debug\vc120.idb
d:\4年\未来創造展\ms_project\debug\stdafx.obj
d:\4年\未来創造展\ms_project\debug\develop_tool_manager.obj
d:\4年\未来創造展\ms_project\debug\debug_sphere.obj
d:\4年\未来創造展\ms_project\debug\debug_line_box.obj
d:\4年\未来創造展\ms_project\debug\debug_line.obj
d:\4年\未来創造展\ms_project\debug\debug_box.obj
d:\4年\未来創造展\ms_project\debug\command_move_up.obj
d:\4年\未来創造展\ms_project\debug\command_move_right.obj
d:\4年\未来創造展\ms_project\debug\command_move_left.obj
d:\4年\未来創造展\ms_project\debug\command_move_front.obj
d:\4年\未来創造展\ms_project\debug\command_move_down.obj
d:\4年\未来創造展\ms_project\debug\command_move_back.obj
d:\4年\未来創造展\ms_project\debug\command_handler.obj
d:\4年\未来創造展\ms_project\debug\command_fire.obj
d:\4年\未来創造展\ms_project\debug\collision_system.obj
d:\4年\未来創造展\ms_project\debug\camera_manager.obj
d:\4年\未来創造展\ms_project\debug\camera_game_player.obj
d:\4年\未来創造展\ms_project\debug\camera_game_main.obj
d:\4年\未来創造展\ms_project\debug\camera_2d.obj
d:\4年\未来創造展\ms_project\debug\animation_system.obj
d:\4年\未来創造展\ms_project\debug\often_use.obj
d:\4年\未来創造展\ms_project\debug\scene_result.obj
d:\4年\未来創造展\ms_project\debug\scene_game.obj
d:\4年\未来創造展\ms_project\debug\vertex_buffer.obj
d:\4年\未来創造展\ms_project\debug\mesh_buffer.obj
d:\4年\未来創造展\ms_project\debug\mesh_factory_sprite.obj
d:\4年\未来創造展\ms_project\debug\mesh_factory_smo.obj
d:\4年\未来創造展\ms_project\debug\mesh_factory_cube.obj
d:\4年\未来創造展\ms_project\debug\mesh_factory_amo.obj
d:\4年\未来創造展\ms_project\debug\index_buffer.obj
d:\4年\未来創造展\ms_project\debug\directx9.obj
d:\4年\未来創造展\ms_project\debug\input_keyboard.obj
d:\4年\未来創造展\ms_project\debug\input_manager.obj
d:\4年\未来創造展\ms_project\debug\input_event_buffer.obj
d:\4年\未来創造展\ms_project\debug\input.obj
d:\4年\未来創造展\ms_project\debug\fade.obj
d:\4年\未来創造展\ms_project\debug\assert.obj
d:\4年\未来創造展\ms_project\debug\command_processor.obj
d:\4年\未来創造展\ms_project\debug\command_buffer_holder.obj
d:\4年\未来創造展\ms_project\debug\command_buffer.obj
d:\4年\未来創造展\ms_project\debug\debug_print.obj
d:\4年\未来創造展\ms_project\debug\system_flow.obj
d:\4年\未来創造展\ms_project\debug\application.obj
d:\4年\未来創造展\ms_project\debug\main.obj
d:\4年\未来創造展\ms_project\debug\xact_manager.obj
d:\4年\未来創造展\ms_project\debug\speaker_bgm.obj
d:\4年\未来創造展\ms_project\debug\speaker_3d.obj
d:\4年\未来創造展\ms_project\debug\speaker.obj
d:\4年\未来創造展\ms_project\debug\shader_base.obj
d:\4年\未来創造展\ms_project\debug\screen_shader.obj
d:\4年\未来創造展\ms_project\debug\pbl_static_shader.obj
d:\4年\未来創造展\ms_project\debug\pbl_animation_shader.obj
d:\4年\未来創造展\ms_project\debug\animation_shader.obj
d:\4年\未来創造展\ms_project\debug\lambert.obj
d:\4年\未来創造展\ms_project\debug\back_ground_shader.obj
d:\4年\未来創造展\ms_project\debug\aim_shader.obj
d:\4年\未来創造展\ms_project\debug\fade_shader.obj
d:\4年\未来創造展\ms_project\debug\effect_handle_manager.obj
d:\4年\未来創造展\ms_project\debug\effect_handle_holder.obj
d:\4年\未来創造展\ms_project\debug\scene_manager.obj
d:\4年\未来創造展\ms_project\debug\scene_title.obj
d:\4年\未来創造展\ms_project\debug\world.obj
d:\4年\未来創造展\ms_project\debug\grid_2d.obj
d:\4年\未来創造展\ms_project\debug\collision_grid.obj
d:\4年\未来創造展\ms_project\debug\window_procedure.obj
d:\4年\未来創造展\ms_project\debug\window_operation_wrapper.obj
d:\4年\未来創造展\ms_project\debug\window.obj
d:\4年\未来創造展\ms_project\debug\unit.obj
d:\4年\未来創造展\ms_project\debug\screen_unit.obj
d:\4年\未来創造展\ms_project\debug\player.obj
d:\4年\未来創造展\ms_project\debug\dirt.obj
d:\4年\未来創造展\ms_project\debug\bullet.obj
d:\4年\未来創造展\ms_project\debug\building.obj
d:\4年\未来創造展\ms_project\debug\back_ground.obj
d:\4年\未来創造展\ms_project\debug\aim_line.obj
d:\4年\未来創造展\ms_project\debug\aim_draw.obj
d:\4年\未来創造展\ms_project\debug\aim.obj
d:\4年\未来創造展\ms_project\debug\water_tank.obj
d:\4年\未来創造展\ms_project\debug\screen_2d_shader.obj
d:\4年\未来創造展\ms_project\debug\map.obj
d:\4年\未来創造展\ms_project\ms_project_debug.ilk
d:\4年\未来創造展\ms_project\ms_project_debug.exe
d:\4年\未来創造展\ms_project\ms_project_debug.pdb
d:\4年\未来創造展\ms_project\debug\animation_model_unit.obj
d:\4年\未来創造展\ms_project\debug\space_grid.obj
d:\4年\未来創造展\ms_project\debug\static_model_unit.obj
d:\4年\未来創造展\ms_project\debug\test_unit.obj
d:\4年\未来創造展\ms_project\debug\ms_project.pch
d:\4年\未来創造展\ms_project\debug\ms_project_d.pch
d:\4年\未来創造展\ms_project\\ms_project_debug.pdb
d:\4年\未来創造展\ms_project\\ms_project_debug.exe
d:\4年\未来創造展\ms_project\\ms_project_debug.ilk
d:\4年\未来創造展\ms_project\debug\ms_project.tlog\cl.command.1.tlog
d:\4年\未来創造展\ms_project\debug\ms_project.tlog\cl.read.1.tlog
d:\4年\未来創造展\ms_project\debug\ms_project.tlog\cl.write.1.tlog
d:\4年\未来創造展\ms_project\debug\ms_project.tlog\link.command.1.tlog
d:\4年\未来創造展\ms_project\debug\ms_project.tlog\link.read.1.tlog
d:\4年\未来創造展\ms_project\debug\ms_project.tlog\link.write.1.tlog
