c:\users\龍成\documents\fourth\ms\ms_project\ms_project\debug\ms_project.pch
c:\users\龍成\documents\fourth\ms\ms_project\ms_project\debug\vc120.pdb
c:\users\龍成\documents\fourth\ms\ms_project\ms_project\debug\vc120.idb
c:\users\龍成\documents\fourth\ms\ms_project\ms_project\debug\often_use.obj
c:\users\龍成\documents\fourth\ms\ms_project\ms_project\debug\animation_system.obj
c:\users\龍成\documents\fourth\ms\ms_project\ms_project\debug\camera_2d.obj
c:\users\龍成\documents\fourth\ms\ms_project\ms_project\debug\camera_game_main.obj
c:\users\龍成\documents\fourth\ms\ms_project\ms_project\debug\camera_game_player.obj
c:\users\龍成\documents\fourth\ms\ms_project\ms_project\debug\camera_manager.obj
c:\users\龍成\documents\fourth\ms\ms_project\ms_project\debug\debug_line.obj
c:\users\龍成\documents\fourth\ms\ms_project\ms_project\debug\debug_line_box.obj
c:\users\龍成\documents\fourth\ms\ms_project\ms_project\debug\develop_tool_manager.obj
c:\users\龍成\documents\fourth\ms\ms_project\ms_project\debug\debug_print.obj
c:\users\龍成\documents\fourth\ms\ms_project\ms_project\debug\command_buffer.obj
c:\users\龍成\documents\fourth\ms\ms_project\ms_project\debug\command_buffer_holder.obj
c:\users\龍成\documents\fourth\ms\ms_project\ms_project\debug\command_processor.obj
c:\users\龍成\documents\fourth\ms\ms_project\ms_project\debug\assert.obj
c:\users\龍成\documents\fourth\ms\ms_project\ms_project\debug\fade.obj
c:\users\龍成\documents\fourth\ms\ms_project\ms_project\debug\input.obj
c:\users\龍成\documents\fourth\ms\ms_project\ms_project\debug\input_event_buffer.obj
c:\users\龍成\documents\fourth\ms\ms_project\ms_project\debug\input_manager.obj
c:\users\龍成\documents\fourth\ms\ms_project\ms_project\debug\input_keyboard.obj
c:\users\龍成\documents\fourth\ms\ms_project\ms_project\debug\directx9.obj
c:\users\龍成\documents\fourth\ms\ms_project\ms_project\debug\index_buffer.obj
c:\users\龍成\documents\fourth\ms\ms_project\ms_project\debug\mesh_factory_amo.obj
c:\users\龍成\documents\fourth\ms\ms_project\ms_project\debug\mesh_factory_cube.obj
c:\users\龍成\documents\fourth\ms\ms_project\ms_project\debug\mesh_factory_smo.obj
c:\users\龍成\documents\fourth\ms\ms_project\ms_project\debug\mesh_factory_sprite.obj
c:\users\龍成\documents\fourth\ms\ms_project\ms_project\debug\mesh_buffer.obj
c:\users\龍成\documents\fourth\ms\ms_project\ms_project\debug\vertex_buffer.obj
c:\users\龍成\documents\fourth\ms\ms_project\ms_project\debug\scene_game.obj
c:\users\龍成\documents\fourth\ms\ms_project\ms_project\debug\scene_result.obj
c:\users\龍成\documents\fourth\ms\ms_project\ms_project\debug\scene_title.obj
c:\users\龍成\documents\fourth\ms\ms_project\ms_project\debug\scene_manager.obj
c:\users\龍成\documents\fourth\ms\ms_project\ms_project\debug\effect_handle_holder.obj
c:\users\龍成\documents\fourth\ms\ms_project\ms_project\debug\effect_handle_manager.obj
c:\users\龍成\documents\fourth\ms\ms_project\ms_project\debug\fade_shader.obj
c:\users\龍成\documents\fourth\ms\ms_project\ms_project\debug\back_ground_shader.obj
c:\users\龍成\documents\fourth\ms\ms_project\ms_project\debug\lambert.obj
c:\users\龍成\documents\fourth\ms\ms_project\ms_project\debug\animation_shader.obj
c:\users\龍成\documents\fourth\ms\ms_project\ms_project\debug\pbl_animation_shader.obj
c:\users\龍成\documents\fourth\ms\ms_project\ms_project\debug\screen_shader.obj
c:\users\龍成\documents\fourth\ms\ms_project\ms_project\debug\shader_base.obj
c:\users\龍成\documents\fourth\ms\ms_project\ms_project\debug\speaker.obj
c:\users\龍成\documents\fourth\ms\ms_project\ms_project\debug\speaker_3d.obj
c:\users\龍成\documents\fourth\ms\ms_project\ms_project\debug\speaker_bgm.obj
c:\users\龍成\documents\fourth\ms\ms_project\ms_project\debug\xact_manager.obj
c:\users\龍成\documents\fourth\ms\ms_project\ms_project\debug\stdafx.obj
c:\users\龍成\documents\fourth\ms\ms_project\ms_project\debug\main.obj
c:\users\龍成\documents\fourth\ms\ms_project\ms_project\debug\application.obj
c:\users\龍成\documents\fourth\ms\ms_project\ms_project\debug\system_flow.obj
c:\users\龍成\documents\fourth\ms\ms_project\ms_project\debug\animation_model_unit.obj
c:\users\龍成\documents\fourth\ms\ms_project\ms_project\debug\back_ground.obj
c:\users\龍成\documents\fourth\ms\ms_project\ms_project\debug\player.obj
c:\users\龍成\documents\fourth\ms\ms_project\ms_project\debug\screen_unit.obj
c:\users\龍成\documents\fourth\ms\ms_project\ms_project\debug\static_model_unit.obj
c:\users\龍成\documents\fourth\ms\ms_project\ms_project\debug\test_unit.obj
c:\users\龍成\documents\fourth\ms\ms_project\ms_project\debug\unit.obj
c:\users\龍成\documents\fourth\ms\ms_project\ms_project\debug\window.obj
c:\users\龍成\documents\fourth\ms\ms_project\ms_project\debug\window_operation_wrapper.obj
c:\users\龍成\documents\fourth\ms\ms_project\ms_project\debug\window_procedure.obj
c:\users\龍成\documents\fourth\ms\ms_project\ms_project\debug\space_grid.obj
c:\users\龍成\documents\fourth\ms\ms_project\ms_project\debug\world.obj
c:\users\龍成\documents\fourth\ms\ms_project\debug\ms_project.ilk
c:\users\龍成\documents\fourth\ms\ms_project\debug\ms_project.exe
c:\users\龍成\documents\fourth\ms\ms_project\debug\ms_project.pdb
c:\users\龍成\documents\fourth\ms\ms_project\ms_project\debug\ms_project.tlog\cl.command.1.tlog
c:\users\龍成\documents\fourth\ms\ms_project\ms_project\debug\ms_project.tlog\cl.read.1.tlog
c:\users\龍成\documents\fourth\ms\ms_project\ms_project\debug\ms_project.tlog\cl.write.1.tlog
c:\users\龍成\documents\fourth\ms\ms_project\ms_project\debug\ms_project.tlog\link.command.1.tlog
c:\users\龍成\documents\fourth\ms\ms_project\ms_project\debug\ms_project.tlog\link.read.1.tlog
c:\users\龍成\documents\fourth\ms\ms_project\ms_project\debug\ms_project.tlog\link.write.1.tlog
